<?xml version="1.0" encoding="UTF-8"?>
<testng-results skipped="0" failed="0" ignored="0" total="2" passed="2">
  <reporter-output>
  </reporter-output>
  <suite name="Suite" duration-ms="26513" started-at="2021-01-21T11:17:23 IST" finished-at="2021-01-21T11:17:49 IST">
    <groups>
    </groups>
    <test name="Test" duration-ms="26513" started-at="2021-01-21T11:17:23 IST" finished-at="2021-01-21T11:17:49 IST">
      <class name="com.suiteCRM.tests.Activity9">
        <test-method status="PASS" signature="setUp()[pri:0, instance:com.suiteCRM.tests.Activity9@3d99d22e]" name="setUp" is-config="true" duration-ms="12541" started-at="2021-01-21T11:17:23 IST" finished-at="2021-01-21T11:17:36 IST">
          <reporter-output>
          </reporter-output>
        </test-method> <!-- setUp -->
        <test-method status="PASS" signature="login()[pri:1, instance:com.suiteCRM.tests.Activity9@3d99d22e]" name="login" duration-ms="3233" started-at="2021-01-21T11:17:36 IST" finished-at="2021-01-21T11:17:39 IST">
          <reporter-output>
          </reporter-output>
        </test-method> <!-- login -->
        <test-method status="PASS" signature="traversingTables2()[pri:2, instance:com.suiteCRM.tests.Activity9@3d99d22e]" name="traversingTables2" duration-ms="5258" started-at="2021-01-21T11:17:39 IST" finished-at="2021-01-21T11:17:44 IST">
          <reporter-output>
          </reporter-output>
        </test-method> <!-- traversingTables2 -->
        <test-method status="PASS" signature="tearDown()[pri:0, instance:com.suiteCRM.tests.Activity9@3d99d22e]" name="tearDown" is-config="true" duration-ms="5429" started-at="2021-01-21T11:17:44 IST" finished-at="2021-01-21T11:17:49 IST">
          <reporter-output>
          </reporter-output>
        </test-method> <!-- tearDown -->
      </class> <!-- com.suiteCRM.tests.Activity9 -->
    </test> <!-- Test -->
  </suite> <!-- Suite -->
</testng-results>
